<?xml version="1.0" encoding="UTF-8"?>
<testsuite xmlns:xsi="http://www.w3.org/2001/XMLSchema-instance" xsi:noNamespaceSchemaLocation="https://maven.apache.org/surefire/maven-surefire-plugin/xsd/surefire-test-report-3.0.xsd" version="3.0" name="runner.TestRunner" time="145.818" tests="12" errors="0" skipped="0" failures="0">
  <properties>
    <property name="java.specification.version" value="17"/>
    <property name="sun.cpu.isalist" value="amd64"/>
    <property name="sun.jnu.encoding" value="Cp1252"/>
    <property name="java.class.path" value="C:\Users\felip\Desktop\feee\APPIUMTHINGS\PROJETOSFE\appium-java-app-testes-feee\AppiumAndroidTests\target\test-classes;C:\Users\felip\Desktop\feee\APPIUMTHINGS\PROJETOSFE\appium-java-app-testes-feee\AppiumAndroidTests\target\classes;C:\Users\felip\.m2\repository\org\seleniumhq\selenium\selenium-java\4.18.1\selenium-java-4.18.1.jar;C:\Users\felip\.m2\repository\org\seleniumhq\selenium\selenium-api\4.18.1\selenium-api-4.18.1.jar;C:\Users\felip\.m2\repository\org\seleniumhq\selenium\selenium-chrome-driver\4.18.1\selenium-chrome-driver-4.18.1.jar;C:\Users\felip\.m2\repository\com\google\auto\service\auto-service-annotations\1.1.1\auto-service-annotations-1.1.1.jar;C:\Users\felip\.m2\repository\org\seleniumhq\selenium\selenium-chromium-driver\4.18.1\selenium-chromium-driver-4.18.1.jar;C:\Users\felip\.m2\repository\org\seleniumhq\selenium\selenium-json\4.18.1\selenium-json-4.18.1.jar;C:\Users\felip\.m2\repository\org\seleniumhq\selenium\selenium-manager\4.18.1\selenium-manager-4.18.1.jar;C:\Users\felip\.m2\repository\org\seleniumhq\selenium\selenium-devtools-v120\4.18.1\selenium-devtools-v120-4.18.1.jar;C:\Users\felip\.m2\repository\org\seleniumhq\selenium\selenium-devtools-v121\4.18.1\selenium-devtools-v121-4.18.1.jar;C:\Users\felip\.m2\repository\org\seleniumhq\selenium\selenium-devtools-v122\4.18.1\selenium-devtools-v122-4.18.1.jar;C:\Users\felip\.m2\repository\org\seleniumhq\selenium\selenium-devtools-v85\4.18.1\selenium-devtools-v85-4.18.1.jar;C:\Users\felip\.m2\repository\org\seleniumhq\selenium\selenium-edge-driver\4.18.1\selenium-edge-driver-4.18.1.jar;C:\Users\felip\.m2\repository\org\seleniumhq\selenium\selenium-firefox-driver\4.18.1\selenium-firefox-driver-4.18.1.jar;C:\Users\felip\.m2\repository\org\seleniumhq\selenium\selenium-http\4.18.1\selenium-http-4.18.1.jar;C:\Users\felip\.m2\repository\dev\failsafe\failsafe\3.3.2\failsafe-3.3.2.jar;C:\Users\felip\.m2\repository\org\seleniumhq\selenium\selenium-ie-driver\4.18.1\selenium-ie-driver-4.18.1.jar;C:\Users\felip\.m2\repository\org\seleniumhq\selenium\selenium-remote-driver\4.18.1\selenium-remote-driver-4.18.1.jar;C:\Users\felip\.m2\repository\com\google\guava\guava\33.0.0-jre\guava-33.0.0-jre.jar;C:\Users\felip\.m2\repository\com\google\guava\failureaccess\1.0.2\failureaccess-1.0.2.jar;C:\Users\felip\.m2\repository\com\google\guava\listenablefuture\9999.0-empty-to-avoid-conflict-with-guava\listenablefuture-9999.0-empty-to-avoid-conflict-with-guava.jar;C:\Users\felip\.m2\repository\com\google\code\findbugs\jsr305\3.0.2\jsr305-3.0.2.jar;C:\Users\felip\.m2\repository\org\checkerframework\checker-qual\3.41.0\checker-qual-3.41.0.jar;C:\Users\felip\.m2\repository\com\google\errorprone\error_prone_annotations\2.23.0\error_prone_annotations-2.23.0.jar;C:\Users\felip\.m2\repository\com\google\j2objc\j2objc-annotations\2.8\j2objc-annotations-2.8.jar;C:\Users\felip\.m2\repository\io\opentelemetry\semconv\opentelemetry-semconv\1.23.1-alpha\opentelemetry-semconv-1.23.1-alpha.jar;C:\Users\felip\.m2\repository\io\opentelemetry\opentelemetry-api\1.35.0\opentelemetry-api-1.35.0.jar;C:\Users\felip\.m2\repository\io\opentelemetry\opentelemetry-context\1.35.0\opentelemetry-context-1.35.0.jar;C:\Users\felip\.m2\repository\io\opentelemetry\opentelemetry-exporter-logging\1.35.0\opentelemetry-exporter-logging-1.35.0.jar;C:\Users\felip\.m2\repository\io\opentelemetry\opentelemetry-sdk-common\1.35.0\opentelemetry-sdk-common-1.35.0.jar;C:\Users\felip\.m2\repository\io\opentelemetry\opentelemetry-sdk-extension-autoconfigure-spi\1.35.0\opentelemetry-sdk-extension-autoconfigure-spi-1.35.0.jar;C:\Users\felip\.m2\repository\io\opentelemetry\opentelemetry-sdk-extension-autoconfigure\1.35.0\opentelemetry-sdk-extension-autoconfigure-1.35.0.jar;C:\Users\felip\.m2\repository\io\opentelemetry\opentelemetry-api-events\1.35.0-alpha\opentelemetry-api-events-1.35.0-alpha.jar;C:\Users\felip\.m2\repository\io\opentelemetry\opentelemetry-sdk-trace\1.35.0\opentelemetry-sdk-trace-1.35.0.jar;C:\Users\felip\.m2\repository\io\opentelemetry\opentelemetry-extension-incubator\1.35.0-alpha\opentelemetry-extension-incubator-1.35.0-alpha.jar;C:\Users\felip\.m2\repository\io\opentelemetry\opentelemetry-sdk\1.35.0\opentelemetry-sdk-1.35.0.jar;C:\Users\felip\.m2\repository\io\opentelemetry\opentelemetry-sdk-metrics\1.35.0\opentelemetry-sdk-metrics-1.35.0.jar;C:\Users\felip\.m2\repository\io\opentelemetry\opentelemetry-sdk-logs\1.35.0\opentelemetry-sdk-logs-1.35.0.jar;C:\Users\felip\.m2\repository\net\bytebuddy\byte-buddy\1.14.12\byte-buddy-1.14.12.jar;C:\Users\felip\.m2\repository\org\seleniumhq\selenium\selenium-os\4.18.1\selenium-os-4.18.1.jar;C:\Users\felip\.m2\repository\org\apache\commons\commons-exec\1.3\commons-exec-1.3.jar;C:\Users\felip\.m2\repository\org\seleniumhq\selenium\selenium-safari-driver\4.18.1\selenium-safari-driver-4.18.1.jar;C:\Users\felip\.m2\repository\org\seleniumhq\selenium\selenium-support\4.18.1\selenium-support-4.18.1.jar;C:\Users\felip\.m2\repository\io\appium\java-client\9.1.0\java-client-9.1.0.jar;C:\Users\felip\.m2\repository\com\google\code\gson\gson\2.10.1\gson-2.10.1.jar;C:\Users\felip\.m2\repository\org\slf4j\slf4j-api\2.0.11\slf4j-api-2.0.11.jar;C:\Users\felip\.m2\repository\org\junit\jupiter\junit-jupiter-api\5.11.0\junit-jupiter-api-5.11.0.jar;C:\Users\felip\.m2\repository\org\opentest4j\opentest4j\1.3.0\opentest4j-1.3.0.jar;C:\Users\felip\.m2\repository\org\junit\platform\junit-platform-commons\1.11.0\junit-platform-commons-1.11.0.jar;C:\Users\felip\.m2\repository\org\apiguardian\apiguardian-api\1.1.2\apiguardian-api-1.1.2.jar;C:\Users\felip\.m2\repository\org\junit\jupiter\junit-jupiter-params\5.11.0\junit-jupiter-params-5.11.0.jar;C:\Users\felip\.m2\repository\io\cucumber\cucumber-java\7.16.1\cucumber-java-7.16.1.jar;C:\Users\felip\.m2\repository\io\cucumber\cucumber-core\7.16.1\cucumber-core-7.16.1.jar;C:\Users\felip\.m2\repository\io\cucumber\cucumber-gherkin\7.16.1\cucumber-gherkin-7.16.1.jar;C:\Users\felip\.m2\repository\io\cucumber\cucumber-gherkin-messages\7.16.1\cucumber-gherkin-messages-7.16.1.jar;C:\Users\felip\.m2\repository\io\cucumber\gherkin\28.0.0\gherkin-28.0.0.jar;C:\Users\felip\.m2\repository\io\cucumber\messages\24.1.0\messages-24.1.0.jar;C:\Users\felip\.m2\repository\io\cucumber\tag-expressions\6.1.0\tag-expressions-6.1.0.jar;C:\Users\felip\.m2\repository\io\cucumber\cucumber-expressions\17.1.0\cucumber-expressions-17.1.0.jar;C:\Users\felip\.m2\repository\io\cucumber\datatable\7.16.1\datatable-7.16.1.jar;C:\Users\felip\.m2\repository\io\cucumber\cucumber-plugin\7.16.1\cucumber-plugin-7.16.1.jar;C:\Users\felip\.m2\repository\io\cucumber\docstring\7.16.1\docstring-7.16.1.jar;C:\Users\felip\.m2\repository\io\cucumber\html-formatter\21.3.0\html-formatter-21.3.0.jar;C:\Users\felip\.m2\repository\io\cucumber\junit-xml-formatter\0.3.0\junit-xml-formatter-0.3.0.jar;C:\Users\felip\.m2\repository\io\cucumber\ci-environment\10.0.1\ci-environment-10.0.1.jar;C:\Users\felip\.m2\repository\io\cucumber\cucumber-junit\7.16.1\cucumber-junit-7.16.1.jar;C:\Users\felip\.m2\repository\junit\junit\4.13.2\junit-4.13.2.jar;C:\Users\felip\.m2\repository\org\hamcrest\hamcrest-core\1.3\hamcrest-core-1.3.jar;"/>
    <property name="java.vm.vendor" value="Oracle Corporation"/>
    <property name="sun.arch.data.model" value="64"/>
    <property name="user.variant" value=""/>
    <property name="java.vendor.url" value="https://java.oracle.com/"/>
    <property name="user.timezone" value="America/Sao_Paulo"/>
    <property name="os.name" value="Windows 11"/>
    <property name="java.vm.specification.version" value="17"/>
    <property name="sun.java.launcher" value="SUN_STANDARD"/>
    <property name="user.country" value="BR"/>
    <property name="sun.boot.library.path" value="C:\Program Files\Java\jdk-17.0.12\bin"/>
    <property name="sun.java.command" value="C:\Users\felip\AppData\Local\Temp\surefire9966596315449901599\surefirebooter-20250709100252750_3.jar C:\Users\felip\AppData\Local\Temp\surefire9966596315449901599 2025-07-09T10-02-52_355-jvmRun1 surefire-20250709100252750_1tmp surefire_0-20250709100252750_2tmp"/>
    <property name="jdk.debug" value="release"/>
    <property name="surefire.test.class.path" value="C:\Users\felip\Desktop\feee\APPIUMTHINGS\PROJETOSFE\appium-java-app-testes-feee\AppiumAndroidTests\target\test-classes;C:\Users\felip\Desktop\feee\APPIUMTHINGS\PROJETOSFE\appium-java-app-testes-feee\AppiumAndroidTests\target\classes;C:\Users\felip\.m2\repository\org\seleniumhq\selenium\selenium-java\4.18.1\selenium-java-4.18.1.jar;C:\Users\felip\.m2\repository\org\seleniumhq\selenium\selenium-api\4.18.1\selenium-api-4.18.1.jar;C:\Users\felip\.m2\repository\org\seleniumhq\selenium\selenium-chrome-driver\4.18.1\selenium-chrome-driver-4.18.1.jar;C:\Users\felip\.m2\repository\com\google\auto\service\auto-service-annotations\1.1.1\auto-service-annotations-1.1.1.jar;C:\Users\felip\.m2\repository\org\seleniumhq\selenium\selenium-chromium-driver\4.18.1\selenium-chromium-driver-4.18.1.jar;C:\Users\felip\.m2\repository\org\seleniumhq\selenium\selenium-json\4.18.1\selenium-json-4.18.1.jar;C:\Users\felip\.m2\repository\org\seleniumhq\selenium\selenium-manager\4.18.1\selenium-manager-4.18.1.jar;C:\Users\felip\.m2\repository\org\seleniumhq\selenium\selenium-devtools-v120\4.18.1\selenium-devtools-v120-4.18.1.jar;C:\Users\felip\.m2\repository\org\seleniumhq\selenium\selenium-devtools-v121\4.18.1\selenium-devtools-v121-4.18.1.jar;C:\Users\felip\.m2\repository\org\seleniumhq\selenium\selenium-devtools-v122\4.18.1\selenium-devtools-v122-4.18.1.jar;C:\Users\felip\.m2\repository\org\seleniumhq\selenium\selenium-devtools-v85\4.18.1\selenium-devtools-v85-4.18.1.jar;C:\Users\felip\.m2\repository\org\seleniumhq\selenium\selenium-edge-driver\4.18.1\selenium-edge-driver-4.18.1.jar;C:\Users\felip\.m2\repository\org\seleniumhq\selenium\selenium-firefox-driver\4.18.1\selenium-firefox-driver-4.18.1.jar;C:\Users\felip\.m2\repository\org\seleniumhq\selenium\selenium-http\4.18.1\selenium-http-4.18.1.jar;C:\Users\felip\.m2\repository\dev\failsafe\failsafe\3.3.2\failsafe-3.3.2.jar;C:\Users\felip\.m2\repository\org\seleniumhq\selenium\selenium-ie-driver\4.18.1\selenium-ie-driver-4.18.1.jar;C:\Users\felip\.m2\repository\org\seleniumhq\selenium\selenium-remote-driver\4.18.1\selenium-remote-driver-4.18.1.jar;C:\Users\felip\.m2\repository\com\google\guava\guava\33.0.0-jre\guava-33.0.0-jre.jar;C:\Users\felip\.m2\repository\com\google\guava\failureaccess\1.0.2\failureaccess-1.0.2.jar;C:\Users\felip\.m2\repository\com\google\guava\listenablefuture\9999.0-empty-to-avoid-conflict-with-guava\listenablefuture-9999.0-empty-to-avoid-conflict-with-guava.jar;C:\Users\felip\.m2\repository\com\google\code\findbugs\jsr305\3.0.2\jsr305-3.0.2.jar;C:\Users\felip\.m2\repository\org\checkerframework\checker-qual\3.41.0\checker-qual-3.41.0.jar;C:\Users\felip\.m2\repository\com\google\errorprone\error_prone_annotations\2.23.0\error_prone_annotations-2.23.0.jar;C:\Users\felip\.m2\repository\com\google\j2objc\j2objc-annotations\2.8\j2objc-annotations-2.8.jar;C:\Users\felip\.m2\repository\io\opentelemetry\semconv\opentelemetry-semconv\1.23.1-alpha\opentelemetry-semconv-1.23.1-alpha.jar;C:\Users\felip\.m2\repository\io\opentelemetry\opentelemetry-api\1.35.0\opentelemetry-api-1.35.0.jar;C:\Users\felip\.m2\repository\io\opentelemetry\opentelemetry-context\1.35.0\opentelemetry-context-1.35.0.jar;C:\Users\felip\.m2\repository\io\opentelemetry\opentelemetry-exporter-logging\1.35.0\opentelemetry-exporter-logging-1.35.0.jar;C:\Users\felip\.m2\repository\io\opentelemetry\opentelemetry-sdk-common\1.35.0\opentelemetry-sdk-common-1.35.0.jar;C:\Users\felip\.m2\repository\io\opentelemetry\opentelemetry-sdk-extension-autoconfigure-spi\1.35.0\opentelemetry-sdk-extension-autoconfigure-spi-1.35.0.jar;C:\Users\felip\.m2\repository\io\opentelemetry\opentelemetry-sdk-extension-autoconfigure\1.35.0\opentelemetry-sdk-extension-autoconfigure-1.35.0.jar;C:\Users\felip\.m2\repository\io\opentelemetry\opentelemetry-api-events\1.35.0-alpha\opentelemetry-api-events-1.35.0-alpha.jar;C:\Users\felip\.m2\repository\io\opentelemetry\opentelemetry-sdk-trace\1.35.0\opentelemetry-sdk-trace-1.35.0.jar;C:\Users\felip\.m2\repository\io\opentelemetry\opentelemetry-extension-incubator\1.35.0-alpha\opentelemetry-extension-incubator-1.35.0-alpha.jar;C:\Users\felip\.m2\repository\io\opentelemetry\opentelemetry-sdk\1.35.0\opentelemetry-sdk-1.35.0.jar;C:\Users\felip\.m2\repository\io\opentelemetry\opentelemetry-sdk-metrics\1.35.0\opentelemetry-sdk-metrics-1.35.0.jar;C:\Users\felip\.m2\repository\io\opentelemetry\opentelemetry-sdk-logs\1.35.0\opentelemetry-sdk-logs-1.35.0.jar;C:\Users\felip\.m2\repository\net\bytebuddy\byte-buddy\1.14.12\byte-buddy-1.14.12.jar;C:\Users\felip\.m2\repository\org\seleniumhq\selenium\selenium-os\4.18.1\selenium-os-4.18.1.jar;C:\Users\felip\.m2\repository\org\apache\commons\commons-exec\1.3\commons-exec-1.3.jar;C:\Users\felip\.m2\repository\org\seleniumhq\selenium\selenium-safari-driver\4.18.1\selenium-safari-driver-4.18.1.jar;C:\Users\felip\.m2\repository\org\seleniumhq\selenium\selenium-support\4.18.1\selenium-support-4.18.1.jar;C:\Users\felip\.m2\repository\io\appium\java-client\9.1.0\java-client-9.1.0.jar;C:\Users\felip\.m2\repository\com\google\code\gson\gson\2.10.1\gson-2.10.1.jar;C:\Users\felip\.m2\repository\org\slf4j\slf4j-api\2.0.11\slf4j-api-2.0.11.jar;C:\Users\felip\.m2\repository\org\junit\jupiter\junit-jupiter-api\5.11.0\junit-jupiter-api-5.11.0.jar;C:\Users\felip\.m2\repository\org\opentest4j\opentest4j\1.3.0\opentest4j-1.3.0.jar;C:\Users\felip\.m2\repository\org\junit\platform\junit-platform-commons\1.11.0\junit-platform-commons-1.11.0.jar;C:\Users\felip\.m2\repository\org\apiguardian\apiguardian-api\1.1.2\apiguardian-api-1.1.2.jar;C:\Users\felip\.m2\repository\org\junit\jupiter\junit-jupiter-params\5.11.0\junit-jupiter-params-5.11.0.jar;C:\Users\felip\.m2\repository\io\cucumber\cucumber-java\7.16.1\cucumber-java-7.16.1.jar;C:\Users\felip\.m2\repository\io\cucumber\cucumber-core\7.16.1\cucumber-core-7.16.1.jar;C:\Users\felip\.m2\repository\io\cucumber\cucumber-gherkin\7.16.1\cucumber-gherkin-7.16.1.jar;C:\Users\felip\.m2\repository\io\cucumber\cucumber-gherkin-messages\7.16.1\cucumber-gherkin-messages-7.16.1.jar;C:\Users\felip\.m2\repository\io\cucumber\gherkin\28.0.0\gherkin-28.0.0.jar;C:\Users\felip\.m2\repository\io\cucumber\messages\24.1.0\messages-24.1.0.jar;C:\Users\felip\.m2\repository\io\cucumber\tag-expressions\6.1.0\tag-expressions-6.1.0.jar;C:\Users\felip\.m2\repository\io\cucumber\cucumber-expressions\17.1.0\cucumber-expressions-17.1.0.jar;C:\Users\felip\.m2\repository\io\cucumber\datatable\7.16.1\datatable-7.16.1.jar;C:\Users\felip\.m2\repository\io\cucumber\cucumber-plugin\7.16.1\cucumber-plugin-7.16.1.jar;C:\Users\felip\.m2\repository\io\cucumber\docstring\7.16.1\docstring-7.16.1.jar;C:\Users\felip\.m2\repository\io\cucumber\html-formatter\21.3.0\html-formatter-21.3.0.jar;C:\Users\felip\.m2\repository\io\cucumber\junit-xml-formatter\0.3.0\junit-xml-formatter-0.3.0.jar;C:\Users\felip\.m2\repository\io\cucumber\ci-environment\10.0.1\ci-environment-10.0.1.jar;C:\Users\felip\.m2\repository\io\cucumber\cucumber-junit\7.16.1\cucumber-junit-7.16.1.jar;C:\Users\felip\.m2\repository\junit\junit\4.13.2\junit-4.13.2.jar;C:\Users\felip\.m2\repository\org\hamcrest\hamcrest-core\1.3\hamcrest-core-1.3.jar;"/>
    <property name="sun.cpu.endian" value="little"/>
    <property name="user.home" value="C:\Users\felip"/>
    <property name="user.language" value="pt"/>
    <property name="java.specification.vendor" value="Oracle Corporation"/>
    <property name="java.version.date" value="2024-07-16"/>
    <property name="java.home" value="C:\Program Files\Java\jdk-17.0.12"/>
    <property name="file.separator" value="\"/>
    <property name="basedir" value="C:\Users\felip\Desktop\feee\APPIUMTHINGS\PROJETOSFE\appium-java-app-testes-feee\AppiumAndroidTests"/>
    <property name="java.vm.compressedOopsMode" value="Zero based"/>
    <property name="line.separator" value="&#10;"/>
    <property name="java.vm.specification.vendor" value="Oracle Corporation"/>
    <property name="java.specification.name" value="Java Platform API Specification"/>
    <property name="surefire.real.class.path" value="C:\Users\felip\AppData\Local\Temp\surefire9966596315449901599\surefirebooter-20250709100252750_3.jar"/>
    <property name="user.script" value=""/>
    <property name="sun.management.compiler" value="HotSpot 64-Bit Tiered Compilers"/>
    <property name="java.runtime.version" value="17.0.12+8-LTS-286"/>
    <property name="user.name" value="felip"/>
    <property name="path.separator" value=";"/>
    <property name="os.version" value="10.0"/>
    <property name="java.runtime.name" value="Java(TM) SE Runtime Environment"/>
    <property name="file.encoding" value="Cp1252"/>
    <property name="java.vm.name" value="Java HotSpot(TM) 64-Bit Server VM"/>
    <property name="localRepository" value="C:\Users\felip\.m2\repository"/>
    <property name="java.vendor.url.bug" value="https://bugreport.java.com/bugreport/"/>
    <property name="java.io.tmpdir" value="C:\Users\felip\AppData\Local\Temp\"/>
    <property name="java.version" value="17.0.12"/>
    <property name="user.dir" value="C:\Users\felip\Desktop\feee\APPIUMTHINGS\PROJETOSFE\appium-java-app-testes-feee\AppiumAndroidTests"/>
    <property name="os.arch" value="amd64"/>
    <property name="java.vm.specification.name" value="Java Virtual Machine Specification"/>
    <property name="sun.os.patch.level" value=""/>
    <property name="native.encoding" value="Cp1252"/>
    <property name="java.library.path" value="C:\Program Files\Java\jdk-17.0.12\bin;C:\WINDOWS\Sun\Java\bin;C:\WINDOWS\system32;C:\WINDOWS;C:\Program Files\Common Files\Oracle\Java\javapath;C:\Program Files (x86)\Common Files\Oracle\Java\java8path;C:\Program Files (x86)\Common Files\Oracle\Java\javapath;C:\Program Files (x86)\Embarcadero\Studio\22.0\bin;C:\Users\Public\Documents\Embarcadero\Studio\22.0\Bpl;C:\Program Files (x86)\Embarcadero\Studio\22.0\bin64;C:\Users\Public\Documents\Embarcadero\Studio\22.0\Bpl\Win64;C:\Program Files\Microsoft\jdk-11.0.16.101-hotspot\bin;C:\Windows\system32;C:\Windows;C:\Windows\System32\Wbem;C:\Windows\System32\WindowsPowerShell\v1.0\;C:\Windows\System32\OpenSSH\;C:\Program Files\Microsoft SQL Server\150\Tools\Binn\;C:\Program Files\Microsoft SQL Server\Client SDK\ODBC\170\Tools\Binn\;C:\Program Files (x86)\Microsoft SQL Server\160\Tools\Binn\;C:\Program Files\Microsoft SQL Server\160\Tools\Binn\;C:\Program Files\Microsoft SQL Server\160\DTS\Binn\;C:\Program Files (x86)\Windows Kits\10\Windows Performance Toolkit\;C:\Program Files\Git\cmd;C:\Program Files\dotnet\;C:\Users\felip\AppData\Local\Microsoft\WindowsApps;C:\Users\felip\AppData\Local\Programs\Mic;C:\Program Files\k6\;C:\WINDOWS\system32;C:\WINDOWS;C:\WINDOWS\System32\Wbem;C:\WINDOWS\System32\WindowsPowerShell\v1.0\;C:\WINDOWS\System32\OpenSSH\;C:\Users\felip\AppData\Roaming\nvm;C:\Program Files\nodejs;C:\Program Files\nodejs\;C:\Program Files\platform-tools;C:\apache-maven-3.9.10\bin;C:\Users\felip\AppData\Local\Programs\Python\Python312\Scripts\;C:\Users\felip\AppData\Local\Programs\Python\Python312\;C:\Users\felip\AppData\Local\Microsoft\WindowsApps;C:\Program Files\Azure Data Studio\bin;C:\Users\felip\AppData\Local\Programs\Microsoft VS Code\bin;C:\Users\felip\AppData\Local\Packages\PythonSoftwareFoundation.Python.3.12_qbz5n2kfra8p0\LocalCache\local-packages\Python312\Scripts;C:\Users\felip\AppData\Roaming\nvm;C:\Program Files\nodejs;C:\Users\felip\AppData\Roaming\npm;D:\Program Files\JetBrains\PyCharm Community Edition 2024.3\bin;;C:\Program Files\Java\jdk-17.0.12;C:\apache-maven-3.9.10\bin;C:\Users\felip\AppData\Local\Android\Sdk;C:\Users\felip\AppData\Local\Android\Sdk\plataform-tools;C:\Users\felip\AppData\Local\Android\Sdk\tools;C:\Program Files\JetBrains\IntelliJ IDEA Community Edition 2025.1.3\bin;;C:\Program Files\platform-tools;C:\Users\felip\AppData\Local\Android\Sdk;;."/>
    <property name="java.vm.info" value="mixed mode, sharing"/>
    <property name="java.vendor" value="Oracle Corporation"/>
    <property name="java.vm.version" value="17.0.12+8-LTS-286"/>
    <property name="sun.io.unicode.encoding" value="UnicodeLittle"/>
    <property name="java.class.version" value="61.0"/>
  </properties>
  <testcase name="CT001 - Login com credenciais validas" classname="Teste app SwagLabs" time="9.663">
    <system-out><![CDATA[🔵 Inicializando driver Appium! 🔵
✅ Driver Appium inicializado!

Scenario: CT001 - Login com credenciais validas    &amp#27;[90m# src/test/java/features/AppTest.feature:2&amp#27;[0m
  &amp#27;[32mGiven &amp#27;[0m&amp#27;[32mque estou com o app aberto&amp#27;[0m                 &amp#27;[90m# stepdefinitions.AppTest.app_aberto()&amp#27;[0m
  &amp#27;[32mWhen &amp#27;[0m&amp#27;[32minformo credenciais validas&amp#27;[0m                 &amp#27;[90m# stepdefinitions.AppTest.Informo_crecenciais_validas()&amp#27;[0m

    Embedding Print Tela Inicial [image/png 386892 bytes]

  &amp#27;[32mThen &amp#27;[0m&amp#27;[32mo aplicativo deve direcionar a tela inicial&amp#27;[0m &amp#27;[90m# stepdefinitions.AppTest.O_aplicativo_deve_direcionar_a_tela_inicial()&amp#27;[0m
]]></system-out>
  </testcase>
  <testcase name="CT002 - Login com usuario Bloqueado" classname="Teste app SwagLabs" time="12.839">
    <system-out><![CDATA[
Scenario: CT002 - Login com usuario Bloqueado    &amp#27;[90m# src/test/java/features/AppTest.feature:7&amp#27;[0m
  &amp#27;[32mGiven &amp#27;[0m&amp#27;[32mque estou na tela de login&amp#27;[0m               &amp#27;[90m# stepdefinitions.AppTest.que_estou_na_tela_de_login()&amp#27;[0m
  &amp#27;[32mWhen &amp#27;[0m&amp#27;[32minformo credenciais invalidas&amp#27;[0m             &amp#27;[90m# stepdefinitions.AppTest.informo_credenciais_invalidas()&amp#27;[0m

    Embedding Print User Bloqueado [image/png 69683 bytes]

  &amp#27;[32mThen &amp#27;[0m&amp#27;[32mo app mostra a mensagem usuario bloqueado&amp#27;[0m &amp#27;[90m# stepdefinitions.AppTest.o_app_mostra_a_mensagem_usuario_bloqueado()&amp#27;[0m
]]></system-out>
  </testcase>
  <testcase name="CT003 - Login com usuario nao cadastrado" classname="Teste app SwagLabs" time="8.373">
    <system-out><![CDATA[
Scenario: CT003 - Login com usuario nao cadastrado       &amp#27;[90m# src/test/java/features/AppTest.feature:12&amp#27;[0m
  &amp#27;[32mGiven &amp#27;[0m&amp#27;[32mque estou com o app aberto&amp#27;[0m                       &amp#27;[90m# stepdefinitions.AppTest.app_aberto()&amp#27;[0m
  &amp#27;[32mWhen &amp#27;[0m&amp#27;[32minformo credenciais aleatorias&amp#27;[0m                    &amp#27;[90m# stepdefinitions.AppTest.informo_credenciais_aleatorias()&amp#27;[0m

    Embedding Print Login Dados Invalidos [image/png 71221 bytes]

  &amp#27;[32mThen &amp#27;[0m&amp#27;[32mo app mostra a mensagem de usuario nao cadastrado&amp#27;[0m &amp#27;[90m# stepdefinitions.AppTest.mensagem_usuario_invalido()&amp#27;[0m
]]></system-out>
  </testcase>
  <testcase name="CT004 - Valido filtro por nome crescente" classname="Teste app SwagLabs" time="10.81">
    <system-out><![CDATA[
Scenario: CT004 - Valido filtro por nome crescente                &amp#27;[90m# src/test/java/features/AppTest.feature:17&amp#27;[0m
  &amp#27;[32mGiven &amp#27;[0m&amp#27;[32mque estou logado no app&amp#27;[0m                                   &amp#27;[90m# stepdefinitions.AppTest.que_estou_logado()&amp#27;[0m
  &amp#27;[32mWhen &amp#27;[0m&amp#27;[32mseleciono o filtro de ordenacao por nome, do A ao Z&amp#27;[0m        &amp#27;[90m# stepdefinitions.AppTest.filtro_nome_descrente()&amp#27;[0m

    Embedding Print nome ordem crescente [image/png 386854 bytes]

  &amp#27;[32mThen &amp#27;[0m&amp#27;[32mo filtro de ordenacao por nome crescente deve ser aplicado&amp#27;[0m &amp#27;[90m# stepdefinitions.AppTest.valida_filtro_ordem_crescente()&amp#27;[0m
]]></system-out>
  </testcase>
  <testcase name="CT005 - Valido filtro por nome decrescente" classname="Teste app SwagLabs" time="6.901">
    <system-out><![CDATA[
Scenario: CT005 - Valido filtro por nome decrescente       &amp#27;[90m# src/test/java/features/AppTest.feature:22&amp#27;[0m
  &amp#27;[32mGiven &amp#27;[0m&amp#27;[32mque estou na tela de produtos&amp#27;[0m                      &amp#27;[90m# stepdefinitions.AppTest.que_estou_em_produtos()&amp#27;[0m
  &amp#27;[32mWhen &amp#27;[0m&amp#27;[32mseleciono o filtro de ordenacao por nome, do Z ao A&amp#27;[0m &amp#27;[90m# stepdefinitions.AppTest.filtro_nome_decrescente()&amp#27;[0m

    Embedding Print nome ordem decrescente [image/png 290287 bytes]

  &amp#27;[32mThen &amp#27;[0m&amp#27;[32mo filtro por nome decrescente deve ser aplicado&amp#27;[0m     &amp#27;[90m# stepdefinitions.AppTest.valida_filtro_ordem_decrescente()&amp#27;[0m
]]></system-out>
  </testcase>
  <testcase name="CT006 - Valido filtro por preco crescente" classname="Teste app SwagLabs" time="6.773">
    <system-out><![CDATA[
Scenario: CT006 - Valido filtro por preco crescente   &amp#27;[90m# src/test/java/features/AppTest.feature:27&amp#27;[0m
  &amp#27;[32mGiven &amp#27;[0m&amp#27;[32mque estou na tela de produtos&amp#27;[0m                 &amp#27;[90m# stepdefinitions.AppTest.que_estou_em_produtos()&amp#27;[0m
  &amp#27;[32mWhen &amp#27;[0m&amp#27;[32mseleciono o filtro de preco crescente&amp#27;[0m          &amp#27;[90m# stepdefinitions.AppTest.filtro_preco_crescente()&amp#27;[0m

    Embedding Print preco ordem crescente [image/png 347376 bytes]

  &amp#27;[32mThen &amp#27;[0m&amp#27;[32mo filtro por preco crescente deve ser aplicado&amp#27;[0m &amp#27;[90m# stepdefinitions.AppTest.valida_filtro_preco_crescente()&amp#27;[0m
]]></system-out>
  </testcase>
  <testcase name="CT007 - Valido filtro por preco decrescente" classname="Teste app SwagLabs" time="6.565">
    <system-out><![CDATA[
Scenario: CT007 - Valido filtro por preco decrescente   &amp#27;[90m# src/test/java/features/AppTest.feature:32&amp#27;[0m
  &amp#27;[32mGiven &amp#27;[0m&amp#27;[32mque estou na tela de produtos&amp#27;[0m                   &amp#27;[90m# stepdefinitions.AppTest.que_estou_em_produtos()&amp#27;[0m
  &amp#27;[32mWhen &amp#27;[0m&amp#27;[32mseleciono o filtro de preco decrescente&amp#27;[0m          &amp#27;[90m# stepdefinitions.AppTest.filtro_preco_decrescente()&amp#27;[0m

    Embedding Print preco ordem decrescente [image/png 330996 bytes]

  &amp#27;[32mThen &amp#27;[0m&amp#27;[32mo filtro por preco decrescente deve ser aplicado&amp#27;[0m &amp#27;[90m# stepdefinitions.AppTest.valida_filtro_preco_decrescente()&amp#27;[0m
]]></system-out>
  </testcase>
  <testcase name="CT008 - Adicionando produtos ao carrinho" classname="Teste app SwagLabs" time="9.98">
    <system-out><![CDATA[
Scenario: CT008 - Adicionando produtos ao carrinho &amp#27;[90m# src/test/java/features/AppTest.feature:37&amp#27;[0m
  &amp#27;[32mGiven &amp#27;[0m&amp#27;[32mque estou na tela de produtos&amp#27;[0m              &amp#27;[90m# stepdefinitions.AppTest.que_estou_em_produtos()&amp#27;[0m
  &amp#27;[32mWhen &amp#27;[0m&amp#27;[32madiciono o produtos ao carrinho&amp#27;[0m             &amp#27;[90m# stepdefinitions.AppTest.add_produtos_carrinho()&amp#27;[0m

    Embedding Print Produtos no carrinho [image/png 52967 bytes]

  &amp#27;[32mThen &amp#27;[0m&amp#27;[32mos produtos devem estar no carrinho&amp#27;[0m         &amp#27;[90m# stepdefinitions.AppTest.valida_produtos_carrinho()&amp#27;[0m
]]></system-out>
  </testcase>
  <testcase name="CT009 - Adicionando produtos ao carrinho (Drag and Drop)" classname="Teste app SwagLabs" time="9.758">
    <system-out><![CDATA[
Scenario: CT009 - Adicionando produtos ao carrinho (Drag and Drop) &amp#27;[90m# src/test/java/features/AppTest.feature:42&amp#27;[0m
  &amp#27;[32mGiven &amp#27;[0m&amp#27;[32mque estou no carrinho&amp#27;[0m                                      &amp#27;[90m# stepdefinitions.AppTest.que_estou_no_carrinho()&amp#27;[0m

    Embedding Print produtos carrinho (DragAndDrop) [image/png 222364 bytes]

  &amp#27;[32mWhen &amp#27;[0m&amp#27;[32madiciono um produto ao carrinho com drag and drop&amp#27;[0m           &amp#27;[90m# stepdefinitions.AppTest.add_produtos_carrinho_draganddrop()&amp#27;[0m

    Embedding Print Produtos no carrinho [image/png 52897 bytes]

  &amp#27;[32mThen &amp#27;[0m&amp#27;[32mos produtos devem estar no carrinho&amp#27;[0m                         &amp#27;[90m# stepdefinitions.AppTest.valida_produtos_carrinho()&amp#27;[0m
]]></system-out>
  </testcase>
  <testcase name="CT010 - Finalizar uma compra e fazer o checkout" classname="Teste app SwagLabs" time="20.591">
    <system-out><![CDATA[
Scenario: CT010 - Finalizar uma compra e fazer o checkout &amp#27;[90m# src/test/java/features/AppTest.feature:47&amp#27;[0m
  &amp#27;[32mGiven &amp#27;[0m&amp#27;[32mque desejo realizar uma compra&amp#27;[0m                    &amp#27;[90m# stepdefinitions.AppTest.que_realizo_uma_compra()&amp#27;[0m
  &amp#27;[32mWhen &amp#27;[0m&amp#27;[32minformo os dados do comprador&amp#27;[0m                      &amp#27;[90m# stepdefinitions.AppTest.informo_dados_comprados()&amp#27;[0m
  &amp#27;[32mAnd &amp#27;[0m&amp#27;[32mconfirmo as informacoes e concluo o checkout&amp#27;[0m        &amp#27;[90m# stepdefinitions.AppTest.confirmo_checkout()&amp#27;[0m

    Embedding Print Confirmacao de Compra [image/png 87565 bytes]

  &amp#27;[32mThen &amp#27;[0m&amp#27;[32mvisualizo a confirmacao da compra&amp#27;[0m                  &amp#27;[90m# stepdefinitions.AppTest.confirmacao_compra()&amp#27;[0m
]]></system-out>
  </testcase>
  <testcase name="CT011 - Validar funcionalidade WebView" classname="Teste app SwagLabs" time="11.04">
    <system-out><![CDATA[
Scenario: CT011 - Validar funcionalidade WebView    &amp#27;[90m# src/test/java/features/AppTest.feature:53&amp#27;[0m
  &amp#27;[32mGiven &amp#27;[0m&amp#27;[32mque desejo validar a funcionalidade WebView&amp#27;[0m &amp#27;[90m# stepdefinitions.AppTest.valida_webView()&amp#27;[0m
  &amp#27;[32mWhen &amp#27;[0m&amp#27;[32mabro o WebView e informo um site valido&amp#27;[0m      &amp#27;[90m# stepdefinitions.AppTest.informo_site_webview()&amp#27;[0m

    Embedding Print WebView Site [image/png 116729 bytes]

  &amp#27;[32mThen &amp#27;[0m&amp#27;[32mvisualizo o site informado&amp#27;[0m                   &amp#27;[90m# stepdefinitions.AppTest.visualizo_site_digitado()&amp#27;[0m
]]></system-out>
  </testcase>
  <testcase name="CT012 - Validar funcionalidade de desenho" classname="Teste app SwagLabs" time="18.627">
    <system-out><![CDATA[
Scenario: CT012 - Validar funcionalidade de desenho &amp#27;[90m# src/test/java/features/AppTest.feature:58&amp#27;[0m
  &amp#27;[32mGiven &amp#27;[0m&amp#27;[32mque desejo validar a funcionalidade desenho&amp#27;[0m &amp#27;[90m# stepdefinitions.AppTest.valida_drawn()&amp#27;[0m

    Embedding Print Desenho [image/png 54970 bytes]

  &amp#27;[32mWhen &amp#27;[0m&amp#27;[32mrealizo o desenho em tela&amp#27;[0m                    &amp#27;[90m# stepdefinitions.AppTest.faz_o_desenho()&amp#27;[0m

    Embedding Print Confirmacao Desenho [image/png 30178 bytes]

  &amp#27;[32mThen &amp#27;[0m&amp#27;[32msalvo o desenho realizado na galeria&amp#27;[0m         &amp#27;[90m# stepdefinitions.AppTest.salvo_desenho()&amp#27;[0m
]]></system-out>
  </testcase>
</testsuite>